[0331/135824.975:ERROR:process_reader_win.cc(123)] NtOpenThread: {Accès refusé} Un processus a demandé l’accès a un objet, mais il ne bénéficie pas des autorisations nécessaires. (0xc0000022)
[0331/135824.982:ERROR:process_reader_win.cc(123)] NtOpenThread: {Accès refusé} Un processus a demandé l’accès a un objet, mais il ne bénéficie pas des autorisations nécessaires. (0xc0000022)
[0331/135824.991:ERROR:exception_snapshot_win.cc(98)] thread ID 11692 not found in process
[0331/135824.991:ERROR:exception_snapshot_win.cc(98)] thread ID 7240 not found in process
[0405/115706.317:ERROR:process_reader_win.cc(151)] SuspendThread: Accès refusé. (0x5)
[0405/115706.319:ERROR:process_reader_win.cc(123)] NtOpenThread: {Accès refusé} Un processus a demandé l’accès a un objet, mais il ne bénéficie pas des autorisations nécessaires. (0xc0000022)
[0405/115706.323:ERROR:exception_snapshot_win.cc(98)] thread ID 3548 not found in process
[0405/115706.324:ERROR:process_reader_win.cc(151)] SuspendThread: Accès refusé. (0x5)
[0405/115706.325:ERROR:process_reader_win.cc(151)] SuspendThread: Accès refusé. (0x5)
[0405/115706.325:ERROR:process_reader_win.cc(151)] SuspendThread: Accès refusé. (0x5)
[0405/115706.325:ERROR:process_reader_win.cc(123)] NtOpenThread: {Accès refusé} Un processus a demandé l’accès a un objet, mais il ne bénéficie pas des autorisations nécessaires. (0xc0000022)
[0405/115706.325:ERROR:exception_snapshot_win.cc(98)] thread ID 20368 not found in process
[0405/203126.169:ERROR:process_reader_win.cc(123)] NtOpenThread: {Accès refusé} Un processus a demandé l’accès a un objet, mais il ne bénéficie pas des autorisations nécessaires. (0xc0000022)
[0405/203126.171:ERROR:exception_snapshot_win.cc(98)] thread ID 20328 not found in process
[0405/203126.185:ERROR:process_reader_win.cc(123)] NtOpenThread: {Accès refusé} Un processus a demandé l’accès a un objet, mais il ne bénéficie pas des autorisations nécessaires. (0xc0000022)
[0405/203126.185:ERROR:exception_snapshot_win.cc(98)] thread ID 2668 not found in process
abc test
ddvdfd
ddd
6565565
branche2
